# JRE version: OpenJDK Runtime Environment (8.0_212-b04) (build 1.8.0_212-release-1586-b04)
# Java VM: OpenJDK 64-Bit Server VM (25.212-b04 mixed mode windows-amd64 compressed oops)
Heap:
 PSYoungGen      total 102912K, used 85580K [0x00000000d5f80000, 0x00000000deb80000, 0x0000000100000000)
  eden space 97792K, 87% used [0x00000000d5f80000,0x00000000db3130e8,0x00000000dbf00000)
  from space 5120K, 0% used [0x00000000de180000,0x00000000de180000,0x00000000de680000)
  to   space 5120K, 0% used [0x00000000de680000,0x00000000de680000,0x00000000deb80000)
 ParOldGen       total 66048K, used 18959K [0x0000000081e00000, 0x0000000085e80000, 0x00000000d5f80000)
  object space 66048K, 28% used [0x0000000081e00000,0x0000000083083eb8,0x0000000085e80000)
 Metaspace       used 41584K, capacity 42372K, committed 42544K, reserved 1087488K
  class space    used 5164K, capacity 5347K, committed 5424K, reserved 1048576K
GC Heap History (10 events):
Event: 2.474 GC heap before
{Heap before GC invocations=3 (full 0):
 PSYoungGen      total 71680K, used 24256K [0x00000000d5f80000, 0x00000000daa80000, 0x0000000100000000)
  eden space 66560K, 28% used [0x00000000d5f80000,0x00000000d72302f0,0x00000000da080000)
  from space 5120K, 99% used [0x00000000da580000,0x00000000daa7feb8,0x00000000daa80000)
  to   space 5120K, 0% used [0x00000000da080000,0x00000000da080000,0x00000000da580000)
 ParOldGen       total 87552K, used 7634K [0x0000000081e00000, 0x0000000087380000, 0x00000000d5f80000)
  object space 87552K, 8% used [0x0000000081e00000,0x0000000082574ae0,0x0000000087380000)
 Metaspace       used 20809K, capacity 21238K, committed 21296K, reserved 1069056K
  class space    used 2463K, capacity 2591K, committed 2608K, reserved 1048576K
Event: 2.488 GC heap after
Heap after GC invocations=3 (full 0):
 PSYoungGen      total 71680K, used 5104K [0x00000000d5f80000, 0x00000000deb80000, 0x0000000100000000)
  eden space 66560K, 0% used [0x00000000d5f80000,0x00000000d5f80000,0x00000000da080000)
  from space 5120K, 99% used [0x00000000da080000,0x00000000da57c2a8,0x00000000da580000)
  to   space 5120K, 0% used [0x00000000de680000,0x00000000de680000,0x00000000deb80000)
 ParOldGen       total 87552K, used 11877K [0x0000000081e00000, 0x0000000087380000, 0x00000000d5f80000)
  object space 87552K, 13% used [0x0000000081e00000,0x0000000082999440,0x0000000087380000)
 Metaspace       used 20809K, capacity 21238K, committed 21296K, reserved 1069056K
  class space    used 2463K, capacity 2591K, committed 2608K, reserved 1048576K
}
Event: 2.488 GC heap before
{Heap before GC invocations=4 (full 1):
 PSYoungGen      total 71680K, used 5104K [0x00000000d5f80000, 0x00000000deb80000, 0x0000000100000000)
  eden space 66560K, 0% used [0x00000000d5f80000,0x00000000d5f80000,0x00000000da080000)
  from space 5120K, 99% used [0x00000000da080000,0x00000000da57c2a8,0x00000000da580000)
  to   space 5120K, 0% used [0x00000000de680000,0x00000000de680000,0x00000000deb80000)
 ParOldGen       total 87552K, used 11877K [0x0000000081e00000, 0x0000000087380000, 0x00000000d5f80000)
  object space 87552K, 13% used [0x0000000081e00000,0x0000000082999440,0x0000000087380000)
 Metaspace       used 20809K, capacity 21238K, committed 21296K, reserved 1069056K
  class space    used 2463K, capacity 2591K, committed 2608K, reserved 1048576K
Event: 2.542 GC heap after
Heap after GC invocations=4 (full 1):
 PSYoungGen      total 71680K, used 0K [0x00000000d5f80000, 0x00000000deb80000, 0x0000000100000000)
  eden space 66560K, 0% used [0x00000000d5f80000,0x00000000d5f80000,0x00000000da080000)
  from space 5120K, 0% used [0x00000000da080000,0x00000000da080000,0x00000000da580000)
  to   space 5120K, 0% used [0x00000000de680000,0x00000000de680000,0x00000000deb80000)
 ParOldGen       total 66048K, used 9195K [0x0000000081e00000, 0x0000000085e80000, 0x00000000d5f80000)
  object space 66048K, 13% used [0x0000000081e00000,0x00000000826fae28,0x0000000085e80000)
 Metaspace       used 20809K, capacity 21238K, committed 21296K, reserved 1069056K
  class space    used 2463K, capacity 2591K, committed 2608K, reserved 1048576K
}
Event: 4.204 GC heap before
{Heap before GC invocations=5 (full 1):
 PSYoungGen      total 71680K, used 66560K [0x00000000d5f80000, 0x00000000deb80000, 0x0000000100000000)
  eden space 66560K, 100% used [0x00000000d5f80000,0x00000000da080000,0x00000000da080000)
  from space 5120K, 0% used [0x00000000da080000,0x00000000da080000,0x00000000da580000)
  to   space 5120K, 0% used [0x00000000de680000,0x00000000de680000,0x00000000deb80000)
 ParOldGen       total 66048K, used 9195K [0x0000000081e00000, 0x0000000085e80000, 0x00000000d5f80000)
  object space 66048K, 13% used [0x0000000081e00000,0x00000000826fae28,0x0000000085e80000)
 Metaspace       used 29952K, capacity 30452K, committed 30768K, reserved 1077248K
  class space    used 3614K, capacity 3769K, committed 3888K, reserved 1048576K
Event: 4.233 GC heap after
Heap after GC invocations=5 (full 1):
 PSYoungGen      total 102912K, used 5090K [0x00000000d5f80000, 0x00000000deb80000, 0x0000000100000000)
  eden space 97792K, 0% used [0x00000000d5f80000,0x00000000d5f80000,0x00000000dbf00000)
  from space 5120K, 99% used [0x00000000de680000,0x00000000deb78918,0x00000000deb80000)
  to   space 5120K, 0% used [0x00000000de180000,0x00000000de180000,0x00000000de680000)
 ParOldGen       total 66048K, used 20642K [0x0000000081e00000, 0x0000000085e80000, 0x00000000d5f80000)
  object space 66048K, 31% used [0x0000000081e00000,0x00000000832288e0,0x0000000085e80000)
 Metaspace       used 29952K, capacity 30452K, committed 30768K, reserved 1077248K
  class space    used 3614K, capacity 3769K, committed 3888K, reserved 1048576K
}
Event: 4.904 GC heap before
{Heap before GC invocations=6 (full 1):
 PSYoungGen      total 102912K, used 29049K [0x00000000d5f80000, 0x00000000deb80000, 0x0000000100000000)
  eden space 97792K, 24% used [0x00000000d5f80000,0x00000000d76e5dd0,0x00000000dbf00000)
  from space 5120K, 99% used [0x00000000de680000,0x00000000deb78918,0x00000000deb80000)
  to   space 5120K, 0% used [0x00000000de180000,0x00000000de180000,0x00000000de680000)
 ParOldGen       total 66048K, used 20642K [0x0000000081e00000, 0x0000000085e80000, 0x00000000d5f80000)
  object space 66048K, 31% used [0x0000000081e00000,0x00000000832288e0,0x0000000085e80000)
 Metaspace       used 34665K, capacity 35230K, committed 35496K, reserved 1081344K
  class space    used 4420K, capacity 4584K, committed 4656K, reserved 1048576K
Event: 4.921 GC heap after
Heap after GC invocations=6 (full 1):
 PSYoungGen      total 102912K, used 5099K [0x00000000d5f80000, 0x00000000deb80000, 0x0000000100000000)
  eden space 97792K, 0% used [0x00000000d5f80000,0x00000000d5f80000,0x00000000dbf00000)
  from space 5120K, 99% used [0x00000000de180000,0x00000000de67add8,0x00000000de680000)
  to   space 5120K, 0% used [0x00000000de680000,0x00000000de680000,0x00000000deb80000)
 ParOldGen       total 66048K, used 26509K [0x0000000081e00000, 0x0000000085e80000, 0x00000000d5f80000)
  object space 66048K, 40% used [0x0000000081e00000,0x00000000837e3600,0x0000000085e80000)
 Metaspace       used 34665K, capacity 35230K, committed 35496K, reserved 1081344K
  class space    used 4420K, capacity 4584K, committed 4656K, reserved 1048576K
}
Event: 4.921 GC heap before
{Heap before GC invocations=7 (full 2):
 PSYoungGen      total 102912K, used 5099K [0x00000000d5f80000, 0x00000000deb80000, 0x0000000100000000)
  eden space 97792K, 0% used [0x00000000d5f80000,0x00000000d5f80000,0x00000000dbf00000)
  from space 5120K, 99% used [0x00000000de180000,0x00000000de67add8,0x00000000de680000)
  to   space 5120K, 0% used [0x00000000de680000,0x00000000de680000,0x00000000deb80000)
 ParOldGen       total 66048K, used 26509K [0x0000000081e00000, 0x0000000085e80000, 0x00000000d5f80000)
  object space 66048K, 40% used [0x0000000081e00000,0x00000000837e3600,0x0000000085e80000)
 Metaspace       used 34665K, capacity 35230K, committed 35496K, reserved 1081344K
  class space    used 4420K, capacity 4584K, committed 4656K, reserved 1048576K
Event: 5.036 GC heap after
Heap after GC invocations=7 (full 2):
 PSYoungGen      total 102912K, used 0K [0x00000000d5f80000, 0x00000000deb80000, 0x0000000100000000)
  eden space 97792K, 0% used [0x00000000d5f80000,0x00000000d5f80000,0x00000000dbf00000)
  from space 5120K, 0% used [0x00000000de180000,0x00000000de180000,0x00000000de680000)
  to   space 5120K, 0% used [0x00000000de680000,0x00000000de680000,0x00000000deb80000)
 ParOldGen       total 66048K, used 18959K [0x0000000081e00000, 0x0000000085e80000, 0x00000000d5f80000)
  object space 66048K, 28% used [0x0000000081e00000,0x0000000083083eb8,0x0000000085e80000)
 Metaspace       used 34665K, capacity 35230K, committed 35496K, reserved 1081344K
  class space    used 4420K, capacity 4584K, committed 4656K, reserved 1048576K
}

