# JRE version: OpenJDK Runtime Environment (8.0_212-b04) (build 1.8.0_212-release-1586-b04)
# Java VM: OpenJDK 64-Bit Server VM (25.212-b04 mixed mode windows-amd64 compressed oops)
Heap:
 PSYoungGen      total 109568K, used 36081K [0x00000000d5f80000, 0x00000000e0080000, 0x0000000100000000)
  eden space 89600K, 17% used [0x00000000d5f80000,0x00000000d6f3d1a0,0x00000000db700000)
  from space 19968K, 99% used [0x00000000db700000,0x00000000dca7f5e0,0x00000000dca80000)
  to   space 27648K, 0% used [0x00000000de580000,0x00000000de580000,0x00000000e0080000)
 ParOldGen       total 112128K, used 34698K [0x0000000081e00000, 0x0000000088b80000, 0x00000000d5f80000)
  object space 112128K, 30% used [0x0000000081e00000,0x0000000083fe2960,0x0000000088b80000)
 Metaspace       used 53791K, capacity 54964K, committed 55088K, reserved 1097728K
  class space    used 6564K, capacity 6855K, committed 6960K, reserved 1048576K
GC Heap History (10 events):
Event: 5.217 GC heap before
{Heap before GC invocations=7 (full 1):
 PSYoungGen      total 71680K, used 18306K [0x00000000d5f80000, 0x00000000dbf80000, 0x0000000100000000)
  eden space 66560K, 19% used [0x00000000d5f80000,0x00000000d6c68028,0x00000000da080000)
  from space 5120K, 99% used [0x00000000da080000,0x00000000da578918,0x00000000da580000)
  to   space 15360K, 0% used [0x00000000db080000,0x00000000db080000,0x00000000dbf80000)
 ParOldGen       total 67584K, used 22253K [0x0000000081e00000, 0x0000000086000000, 0x00000000d5f80000)
  object space 67584K, 32% used [0x0000000081e00000,0x00000000833bb478,0x0000000086000000)
 Metaspace       used 34677K, capacity 35222K, committed 35496K, reserved 1081344K
  class space    used 4422K, capacity 4584K, committed 4656K, reserved 1048576K
Event: 5.233 GC heap after
Heap after GC invocations=7 (full 1):
 PSYoungGen      total 83456K, used 8631K [0x00000000d5f80000, 0x00000000ddd80000, 0x0000000100000000)
  eden space 68096K, 0% used [0x00000000d5f80000,0x00000000d5f80000,0x00000000da200000)
  from space 15360K, 56% used [0x00000000db080000,0x00000000db8eddf8,0x00000000dbf80000)
  to   space 14848K, 0% used [0x00000000da200000,0x00000000da200000,0x00000000db080000)
 ParOldGen       total 67584K, used 22261K [0x0000000081e00000, 0x0000000086000000, 0x00000000d5f80000)
  object space 67584K, 32% used [0x0000000081e00000,0x00000000833bd478,0x0000000086000000)
 Metaspace       used 34677K, capacity 35222K, committed 35496K, reserved 1081344K
  class space    used 4422K, capacity 4584K, committed 4656K, reserved 1048576K
}
Event: 5.233 GC heap before
{Heap before GC invocations=8 (full 2):
 PSYoungGen      total 83456K, used 8631K [0x00000000d5f80000, 0x00000000ddd80000, 0x0000000100000000)
  eden space 68096K, 0% used [0x00000000d5f80000,0x00000000d5f80000,0x00000000da200000)
  from space 15360K, 56% used [0x00000000db080000,0x00000000db8eddf8,0x00000000dbf80000)
  to   space 14848K, 0% used [0x00000000da200000,0x00000000da200000,0x00000000db080000)
 ParOldGen       total 67584K, used 22261K [0x0000000081e00000, 0x0000000086000000, 0x00000000d5f80000)
  object space 67584K, 32% used [0x0000000081e00000,0x00000000833bd478,0x0000000086000000)
 Metaspace       used 34677K, capacity 35222K, committed 35496K, reserved 1081344K
  class space    used 4422K, capacity 4584K, committed 4656K, reserved 1048576K
Event: 5.342 GC heap after
Heap after GC invocations=8 (full 2):
 PSYoungGen      total 83456K, used 0K [0x00000000d5f80000, 0x00000000ddd80000, 0x0000000100000000)
  eden space 68096K, 0% used [0x00000000d5f80000,0x00000000d5f80000,0x00000000da200000)
  from space 15360K, 0% used [0x00000000db080000,0x00000000db080000,0x00000000dbf80000)
  to   space 14848K, 0% used [0x00000000da200000,0x00000000da200000,0x00000000db080000)
 ParOldGen       total 112128K, used 17275K [0x0000000081e00000, 0x0000000088b80000, 0x00000000d5f80000)
  object space 112128K, 15% used [0x0000000081e00000,0x0000000082edec48,0x0000000088b80000)
 Metaspace       used 34677K, capacity 35222K, committed 35496K, reserved 1081344K
  class space    used 4422K, capacity 4584K, committed 4656K, reserved 1048576K
}
Event: 6.984 GC heap before
{Heap before GC invocations=9 (full 2):
 PSYoungGen      total 83456K, used 68096K [0x00000000d5f80000, 0x00000000ddd80000, 0x0000000100000000)
  eden space 68096K, 100% used [0x00000000d5f80000,0x00000000da200000,0x00000000da200000)
  from space 15360K, 0% used [0x00000000db080000,0x00000000db080000,0x00000000dbf80000)
  to   space 14848K, 0% used [0x00000000da200000,0x00000000da200000,0x00000000db080000)
 ParOldGen       total 112128K, used 17275K [0x0000000081e00000, 0x0000000088b80000, 0x00000000d5f80000)
  object space 112128K, 15% used [0x0000000081e00000,0x0000000082edec48,0x0000000088b80000)
 Metaspace       used 40738K, capacity 41436K, committed 41648K, reserved 1085440K
  class space    used 5107K, capacity 5277K, committed 5296K, reserved 1048576K
Event: 7.003 GC heap after
Heap after GC invocations=9 (full 2):
 PSYoungGen      total 82944K, used 13151K [0x00000000d5f80000, 0x00000000dda00000, 0x0000000100000000)
  eden space 68096K, 0% used [0x00000000d5f80000,0x00000000d5f80000,0x00000000da200000)
  from space 14848K, 88% used [0x00000000da200000,0x00000000daed7f18,0x00000000db080000)
  to   space 15872K, 0% used [0x00000000dca80000,0x00000000dca80000,0x00000000dda00000)
 ParOldGen       total 112128K, used 17283K [0x0000000081e00000, 0x0000000088b80000, 0x00000000d5f80000)
  object space 112128K, 15% used [0x0000000081e00000,0x0000000082ee0c48,0x0000000088b80000)
 Metaspace       used 40738K, capacity 41436K, committed 41648K, reserved 1085440K
  class space    used 5107K, capacity 5277K, committed 5296K, reserved 1048576K
}
Event: 8.897 GC heap before
{Heap before GC invocations=10 (full 2):
 PSYoungGen      total 82944K, used 81247K [0x00000000d5f80000, 0x00000000dda00000, 0x0000000100000000)
  eden space 68096K, 100% used [0x00000000d5f80000,0x00000000da200000,0x00000000da200000)
  from space 14848K, 88% used [0x00000000da200000,0x00000000daed7f18,0x00000000db080000)
  to   space 15872K, 0% used [0x00000000dca80000,0x00000000dca80000,0x00000000dda00000)
 ParOldGen       total 112128K, used 17283K [0x0000000081e00000, 0x0000000088b80000, 0x00000000d5f80000)
  object space 112128K, 15% used [0x0000000081e00000,0x0000000082ee0c48,0x0000000088b80000)
 Metaspace       used 43746K, capacity 44566K, committed 44720K, reserved 1089536K
  class space    used 5327K, capacity 5532K, committed 5552K, reserved 1048576K
Event: 8.929 GC heap after
Heap after GC invocations=10 (full 2):
 PSYoungGen      total 105472K, used 15857K [0x00000000d5f80000, 0x00000000de180000, 0x0000000100000000)
  eden space 89600K, 0% used [0x00000000d5f80000,0x00000000d5f80000,0x00000000db700000)
  from space 15872K, 99% used [0x00000000dca80000,0x00000000dd9fc640,0x00000000dda00000)
  to   space 19968K, 0% used [0x00000000db700000,0x00000000db700000,0x00000000dca80000)
 ParOldGen       total 112128K, used 22625K [0x0000000081e00000, 0x0000000088b80000, 0x00000000d5f80000)
  object space 112128K, 20% used [0x0000000081e00000,0x00000000834185a0,0x0000000088b80000)
 Metaspace       used 43746K, capacity 44566K, committed 44720K, reserved 1089536K
  class space    used 5327K, capacity 5532K, committed 5552K, reserved 1048576K
}
Event: 12.438 GC heap before
{Heap before GC invocations=11 (full 2):
 PSYoungGen      total 105472K, used 105457K [0x00000000d5f80000, 0x00000000de180000, 0x0000000100000000)
  eden space 89600K, 100% used [0x00000000d5f80000,0x00000000db700000,0x00000000db700000)
  from space 15872K, 99% used [0x00000000dca80000,0x00000000dd9fc640,0x00000000dda00000)
  to   space 19968K, 0% used [0x00000000db700000,0x00000000db700000,0x00000000dca80000)
 ParOldGen       total 112128K, used 22625K [0x0000000081e00000, 0x0000000088b80000, 0x00000000d5f80000)
  object space 112128K, 20% used [0x0000000081e00000,0x00000000834185a0,0x0000000088b80000)
 Metaspace       used 52903K, capacity 53980K, committed 54192K, reserved 1097728K
  class space    used 6449K, capacity 6709K, committed 6832K, reserved 1048576K
Event: 12.507 GC heap after
Heap after GC invocations=11 (full 2):
 PSYoungGen      total 109568K, used 19965K [0x00000000d5f80000, 0x00000000e0080000, 0x0000000100000000)
  eden space 89600K, 0% used [0x00000000d5f80000,0x00000000d5f80000,0x00000000db700000)
  from space 19968K, 99% used [0x00000000db700000,0x00000000dca7f5e0,0x00000000dca80000)
  to   space 27648K, 0% used [0x00000000de580000,0x00000000de580000,0x00000000e0080000)
 ParOldGen       total 112128K, used 34698K [0x0000000081e00000, 0x0000000088b80000, 0x00000000d5f80000)
  object space 112128K, 30% used [0x0000000081e00000,0x0000000083fe2960,0x0000000088b80000)
 Metaspace       used 52903K, capacity 53980K, committed 54192K, reserved 1097728K
  class space    used 6449K, capacity 6709K, committed 6832K, reserved 1048576K
}

