# JRE version: OpenJDK Runtime Environment (8.0_212-b04) (build 1.8.0_212-release-1586-b04)
# Java VM: OpenJDK 64-Bit Server VM (25.212-b04 mixed mode windows-amd64 compressed oops)
Heap:
 PSYoungGen      total 82944K, used 1426K [0x00000000d5f80000, 0x00000000dcf80000, 0x0000000100000000)
  eden space 66560K, 2% used [0x00000000d5f80000,0x00000000d60e4a08,0x00000000da080000)
  from space 16384K, 0% used [0x00000000dbf80000,0x00000000dbf80000,0x00000000dcf80000)
  to   space 5120K, 0% used [0x00000000da080000,0x00000000da080000,0x00000000da580000)
 ParOldGen       total 62464K, used 16271K [0x0000000081e00000, 0x0000000085b00000, 0x00000000d5f80000)
  object space 62464K, 26% used [0x0000000081e00000,0x0000000082de3f40,0x0000000085b00000)
 Metaspace       used 34746K, capacity 35284K, committed 35752K, reserved 1083392K
  class space    used 4432K, capacity 4585K, committed 4656K, reserved 1048576K
GC Heap History (10 events):
Event: 4.933 GC heap before
{Heap before GC invocations=4 (full 1):
 PSYoungGen      total 38400K, used 5088K [0x00000000d5f80000, 0x00000000daa80000, 0x0000000100000000)
  eden space 33280K, 0% used [0x00000000d5f80000,0x00000000d5f80000,0x00000000d8000000)
  from space 5120K, 99% used [0x00000000d8000000,0x00000000d84f83a8,0x00000000d8500000)
  to   space 5120K, 0% used [0x00000000da580000,0x00000000da580000,0x00000000daa80000)
 ParOldGen       total 87552K, used 11820K [0x0000000081e00000, 0x0000000087380000, 0x00000000d5f80000)
  object space 87552K, 13% used [0x0000000081e00000,0x000000008298b100,0x0000000087380000)
 Metaspace       used 20769K, capacity 21174K, committed 21296K, reserved 1069056K
  class space    used 2454K, capacity 2593K, committed 2608K, reserved 1048576K
Event: 4.997 GC heap after
Heap after GC invocations=4 (full 1):
 PSYoungGen      total 38400K, used 0K [0x00000000d5f80000, 0x00000000daa80000, 0x0000000100000000)
  eden space 33280K, 0% used [0x00000000d5f80000,0x00000000d5f80000,0x00000000d8000000)
  from space 5120K, 0% used [0x00000000d8000000,0x00000000d8000000,0x00000000d8500000)
  to   space 5120K, 0% used [0x00000000da580000,0x00000000da580000,0x00000000daa80000)
 ParOldGen       total 62464K, used 9061K [0x0000000081e00000, 0x0000000085b00000, 0x00000000d5f80000)
  object space 62464K, 14% used [0x0000000081e00000,0x00000000826d95d0,0x0000000085b00000)
 Metaspace       used 20769K, capacity 21174K, committed 21296K, reserved 1069056K
  class space    used 2454K, capacity 2593K, committed 2608K, reserved 1048576K
}
Event: 6.018 GC heap before
{Heap before GC invocations=5 (full 1):
 PSYoungGen      total 38400K, used 33280K [0x00000000d5f80000, 0x00000000daa80000, 0x0000000100000000)
  eden space 33280K, 100% used [0x00000000d5f80000,0x00000000d8000000,0x00000000d8000000)
  from space 5120K, 0% used [0x00000000d8000000,0x00000000d8000000,0x00000000d8500000)
  to   space 5120K, 0% used [0x00000000da580000,0x00000000da580000,0x00000000daa80000)
 ParOldGen       total 62464K, used 9061K [0x0000000081e00000, 0x0000000085b00000, 0x00000000d5f80000)
  object space 62464K, 14% used [0x0000000081e00000,0x00000000826d95d0,0x0000000085b00000)
 Metaspace       used 24418K, capacity 24900K, committed 25136K, reserved 1071104K
  class space    used 2929K, capacity 3060K, committed 3120K, reserved 1048576K
Event: 6.036 GC heap after
Heap after GC invocations=5 (full 1):
 PSYoungGen      total 57344K, used 5111K [0x00000000d5f80000, 0x00000000daa80000, 0x0000000100000000)
  eden space 52224K, 0% used [0x00000000d5f80000,0x00000000d5f80000,0x00000000d9280000)
  from space 5120K, 99% used [0x00000000da580000,0x00000000daa7dc90,0x00000000daa80000)
  to   space 5120K, 0% used [0x00000000da080000,0x00000000da080000,0x00000000da580000)
 ParOldGen       total 62464K, used 11385K [0x0000000081e00000, 0x0000000085b00000, 0x00000000d5f80000)
  object space 62464K, 18% used [0x0000000081e00000,0x000000008291e558,0x0000000085b00000)
 Metaspace       used 24418K, capacity 24900K, committed 25136K, reserved 1071104K
  class space    used 2929K, capacity 3060K, committed 3120K, reserved 1048576K
}
Event: 7.598 GC heap before
{Heap before GC invocations=6 (full 1):
 PSYoungGen      total 57344K, used 57335K [0x00000000d5f80000, 0x00000000daa80000, 0x0000000100000000)
  eden space 52224K, 100% used [0x00000000d5f80000,0x00000000d9280000,0x00000000d9280000)
  from space 5120K, 99% used [0x00000000da580000,0x00000000daa7dc90,0x00000000daa80000)
  to   space 5120K, 0% used [0x00000000da080000,0x00000000da080000,0x00000000da580000)
 ParOldGen       total 62464K, used 11385K [0x0000000081e00000, 0x0000000085b00000, 0x00000000d5f80000)
  object space 62464K, 18% used [0x0000000081e00000,0x000000008291e558,0x0000000085b00000)
 Metaspace       used 32741K, capacity 33266K, committed 33584K, reserved 1079296K
  class space    used 4140K, capacity 4284K, committed 4400K, reserved 1048576K
Event: 7.624 GC heap after
Heap after GC invocations=6 (full 1):
 PSYoungGen      total 71680K, used 5090K [0x00000000d5f80000, 0x00000000dcf80000, 0x0000000100000000)
  eden space 66560K, 0% used [0x00000000d5f80000,0x00000000d5f80000,0x00000000da080000)
  from space 5120K, 99% used [0x00000000da080000,0x00000000da578918,0x00000000da580000)
  to   space 16384K, 0% used [0x00000000dbf80000,0x00000000dbf80000,0x00000000dcf80000)
 ParOldGen       total 62464K, used 23707K [0x0000000081e00000, 0x0000000085b00000, 0x00000000d5f80000)
  object space 62464K, 37% used [0x0000000081e00000,0x0000000083526d08,0x0000000085b00000)
 Metaspace       used 32741K, capacity 33266K, committed 33584K, reserved 1079296K
  class space    used 4140K, capacity 4284K, committed 4400K, reserved 1048576K
}
Event: 7.895 GC heap before
{Heap before GC invocations=7 (full 1):
 PSYoungGen      total 71680K, used 11747K [0x00000000d5f80000, 0x00000000dcf80000, 0x0000000100000000)
  eden space 66560K, 10% used [0x00000000d5f80000,0x00000000d6600340,0x00000000da080000)
  from space 5120K, 99% used [0x00000000da080000,0x00000000da578918,0x00000000da580000)
  to   space 16384K, 0% used [0x00000000dbf80000,0x00000000dbf80000,0x00000000dcf80000)
 ParOldGen       total 62464K, used 23707K [0x0000000081e00000, 0x0000000085b00000, 0x00000000d5f80000)
  object space 62464K, 37% used [0x0000000081e00000,0x0000000083526d08,0x0000000085b00000)
 Metaspace       used 34667K, capacity 35182K, committed 35496K, reserved 1081344K
  class space    used 4416K, capacity 4552K, committed 4656K, reserved 1048576K
Event: 7.908 GC heap after
Heap after GC invocations=7 (full 1):
 PSYoungGen      total 82944K, used 6878K [0x00000000d5f80000, 0x00000000dcf80000, 0x0000000100000000)
  eden space 66560K, 0% used [0x00000000d5f80000,0x00000000d5f80000,0x00000000da080000)
  from space 16384K, 41% used [0x00000000dbf80000,0x00000000dc637ac8,0x00000000dcf80000)
  to   space 5120K, 0% used [0x00000000da080000,0x00000000da080000,0x00000000da580000)
 ParOldGen       total 62464K, used 23715K [0x0000000081e00000, 0x0000000085b00000, 0x00000000d5f80000)
  object space 62464K, 37% used [0x0000000081e00000,0x0000000083528d08,0x0000000085b00000)
 Metaspace       used 34667K, capacity 35182K, committed 35496K, reserved 1081344K
  class space    used 4416K, capacity 4552K, committed 4656K, reserved 1048576K
}
Event: 7.908 GC heap before
{Heap before GC invocations=8 (full 2):
 PSYoungGen      total 82944K, used 6878K [0x00000000d5f80000, 0x00000000dcf80000, 0x0000000100000000)
  eden space 66560K, 0% used [0x00000000d5f80000,0x00000000d5f80000,0x00000000da080000)
  from space 16384K, 41% used [0x00000000dbf80000,0x00000000dc637ac8,0x00000000dcf80000)
  to   space 5120K, 0% used [0x00000000da080000,0x00000000da080000,0x00000000da580000)
 ParOldGen       total 62464K, used 23715K [0x0000000081e00000, 0x0000000085b00000, 0x00000000d5f80000)
  object space 62464K, 37% used [0x0000000081e00000,0x0000000083528d08,0x0000000085b00000)
 Metaspace       used 34667K, capacity 35182K, committed 35496K, reserved 1081344K
  class space    used 4416K, capacity 4552K, committed 4656K, reserved 1048576K
Event: 8.027 GC heap after
Heap after GC invocations=8 (full 2):
 PSYoungGen      total 82944K, used 0K [0x00000000d5f80000, 0x00000000dcf80000, 0x0000000100000000)
  eden space 66560K, 0% used [0x00000000d5f80000,0x00000000d5f80000,0x00000000da080000)
  from space 16384K, 0% used [0x00000000dbf80000,0x00000000dbf80000,0x00000000dcf80000)
  to   space 5120K, 0% used [0x00000000da080000,0x00000000da080000,0x00000000da580000)
 ParOldGen       total 62464K, used 16271K [0x0000000081e00000, 0x0000000085b00000, 0x00000000d5f80000)
  object space 62464K, 26% used [0x0000000081e00000,0x0000000082de3f40,0x0000000085b00000)
 Metaspace       used 34667K, capacity 35182K, committed 35496K, reserved 1081344K
  class space    used 4416K, capacity 4552K, committed 4656K, reserved 1048576K
}

