# JRE version: OpenJDK Runtime Environment (8.0_212-b04) (build 1.8.0_212-release-1586-b04)
# Java VM: OpenJDK 64-Bit Server VM (25.212-b04 mixed mode windows-amd64 compressed oops)
Heap:
 PSYoungGen      total 311808K, used 132970K [0x00000000e0000000, 0x00000000f6400000, 0x0000000100000000)
  eden space 280576K, 45% used [0x00000000e0000000,0x00000000e7ca6860,0x00000000f1200000)
  from space 31232K, 17% used [0x00000000f2f00000,0x00000000f3434010,0x00000000f4d80000)
  to   space 29696K, 0% used [0x00000000f1200000,0x00000000f1200000,0x00000000f2f00000)
 ParOldGen       total 226816K, used 181257K [0x00000000a0000000, 0x00000000add80000, 0x00000000e0000000)
  object space 226816K, 79% used [0x00000000a0000000,0x00000000ab1026c8,0x00000000add80000)
 Metaspace       used 112915K, capacity 121268K, committed 121408K, reserved 1155072K
  class space    used 14016K, capacity 15387K, committed 15464K, reserved 1048576K
GC Heap History (10 events):
Event: 23519.539 GC heap before
{Heap before GC invocations=194 (full 10):
 PSYoungGen      total 284160K, used 266626K [0x00000000e0000000, 0x00000000f4d80000, 0x0000000100000000)
  eden space 252416K, 100% used [0x00000000e0000000,0x00000000ef680000,0x00000000ef680000)
  from space 31744K, 44% used [0x00000000ef680000,0x00000000f0460b58,0x00000000f1580000)
  to   space 31232K, 0% used [0x00000000f2f00000,0x00000000f2f00000,0x00000000f4d80000)
 ParOldGen       total 226816K, used 131151K [0x00000000a0000000, 0x00000000add80000, 0x00000000e0000000)
  object space 226816K, 57% used [0x00000000a0000000,0x00000000a8013fc0,0x00000000add80000)
 Metaspace       used 112859K, capacity 121258K, committed 121408K, reserved 1155072K
  class space    used 14012K, capacity 15386K, committed 15464K, reserved 1048576K
Event: 23519.632 GC heap after
Heap after GC invocations=194 (full 10):
 PSYoungGen      total 306176K, used 26180K [0x00000000e0000000, 0x00000000f5880000, 0x0000000100000000)
  eden space 274944K, 0% used [0x00000000e0000000,0x00000000e0000000,0x00000000f0c80000)
  from space 31232K, 83% used [0x00000000f2f00000,0x00000000f48911c0,0x00000000f4d80000)
  to   space 35328K, 0% used [0x00000000f0c80000,0x00000000f0c80000,0x00000000f2f00000)
 ParOldGen       total 226816K, used 143277K [0x00000000a0000000, 0x00000000add80000, 0x00000000e0000000)
  object space 226816K, 63% used [0x00000000a0000000,0x00000000a8beb658,0x00000000add80000)
 Metaspace       used 112859K, capacity 121258K, committed 121408K, reserved 1155072K
  class space    used 14012K, capacity 15386K, committed 15464K, reserved 1048576K
}
Event: 23520.979 GC heap before
{Heap before GC invocations=195 (full 10):
 PSYoungGen      total 306176K, used 301124K [0x00000000e0000000, 0x00000000f5880000, 0x0000000100000000)
  eden space 274944K, 100% used [0x00000000e0000000,0x00000000f0c80000,0x00000000f0c80000)
  from space 31232K, 83% used [0x00000000f2f00000,0x00000000f48911c0,0x00000000f4d80000)
  to   space 35328K, 0% used [0x00000000f0c80000,0x00000000f0c80000,0x00000000f2f00000)
 ParOldGen       total 226816K, used 143277K [0x00000000a0000000, 0x00000000add80000, 0x00000000e0000000)
  object space 226816K, 63% used [0x00000000a0000000,0x00000000a8beb658,0x00000000add80000)
 Metaspace       used 112884K, capacity 121258K, committed 121408K, reserved 1155072K
  class space    used 14015K, capacity 15386K, committed 15464K, reserved 1048576K
Event: 23521.088 GC heap after
Heap after GC invocations=195 (full 10):
 PSYoungGen      total 310272K, used 9838K [0x00000000e0000000, 0x00000000f5880000, 0x0000000100000000)
  eden space 274944K, 0% used [0x00000000e0000000,0x00000000e0000000,0x00000000f0c80000)
  from space 35328K, 27% used [0x00000000f0c80000,0x00000000f161bb50,0x00000000f2f00000)
  to   space 31232K, 0% used [0x00000000f2f00000,0x00000000f2f00000,0x00000000f4d80000)
 ParOldGen       total 226816K, used 167416K [0x00000000a0000000, 0x00000000add80000, 0x00000000e0000000)
  object space 226816K, 73% used [0x00000000a0000000,0x00000000aa37e180,0x00000000add80000)
 Metaspace       used 112884K, capacity 121258K, committed 121408K, reserved 1155072K
  class space    used 14015K, capacity 15386K, committed 15464K, reserved 1048576K
}
Event: 23522.432 GC heap before
{Heap before GC invocations=196 (full 10):
 PSYoungGen      total 310272K, used 284782K [0x00000000e0000000, 0x00000000f5880000, 0x0000000100000000)
  eden space 274944K, 100% used [0x00000000e0000000,0x00000000f0c80000,0x00000000f0c80000)
  from space 35328K, 27% used [0x00000000f0c80000,0x00000000f161bb50,0x00000000f2f00000)
  to   space 31232K, 0% used [0x00000000f2f00000,0x00000000f2f00000,0x00000000f4d80000)
 ParOldGen       total 226816K, used 167416K [0x00000000a0000000, 0x00000000add80000, 0x00000000e0000000)
  object space 226816K, 73% used [0x00000000a0000000,0x00000000aa37e180,0x00000000add80000)
 Metaspace       used 112893K, capacity 121264K, committed 121408K, reserved 1155072K
  class space    used 14016K, capacity 15387K, committed 15464K, reserved 1048576K
Event: 23522.468 GC heap after
Heap after GC invocations=196 (full 10):
 PSYoungGen      total 306176K, used 4784K [0x00000000e0000000, 0x00000000f5880000, 0x0000000100000000)
  eden space 274944K, 0% used [0x00000000e0000000,0x00000000e0000000,0x00000000f0c80000)
  from space 31232K, 15% used [0x00000000f2f00000,0x00000000f33ac388,0x00000000f4d80000)
  to   space 35328K, 0% used [0x00000000f0c80000,0x00000000f0c80000,0x00000000f2f00000)
 ParOldGen       total 226816K, used 175336K [0x00000000a0000000, 0x00000000add80000, 0x00000000e0000000)
  object space 226816K, 77% used [0x00000000a0000000,0x00000000aab3a060,0x00000000add80000)
 Metaspace       used 112893K, capacity 121264K, committed 121408K, reserved 1155072K
  class space    used 14016K, capacity 15387K, committed 15464K, reserved 1048576K
}
Event: 23523.711 GC heap before
{Heap before GC invocations=197 (full 10):
 PSYoungGen      total 306176K, used 279728K [0x00000000e0000000, 0x00000000f5880000, 0x0000000100000000)
  eden space 274944K, 100% used [0x00000000e0000000,0x00000000f0c80000,0x00000000f0c80000)
  from space 31232K, 15% used [0x00000000f2f00000,0x00000000f33ac388,0x00000000f4d80000)
  to   space 35328K, 0% used [0x00000000f0c80000,0x00000000f0c80000,0x00000000f2f00000)
 ParOldGen       total 226816K, used 175336K [0x00000000a0000000, 0x00000000add80000, 0x00000000e0000000)
  object space 226816K, 77% used [0x00000000a0000000,0x00000000aab3a060,0x00000000add80000)
 Metaspace       used 112901K, capacity 121268K, committed 121408K, reserved 1155072K
  class space    used 14016K, capacity 15387K, committed 15464K, reserved 1048576K
Event: 23523.743 GC heap after
Heap after GC invocations=197 (full 10):
 PSYoungGen      total 310272K, used 2912K [0x00000000e0000000, 0x00000000f5880000, 0x0000000100000000)
  eden space 274944K, 0% used [0x00000000e0000000,0x00000000e0000000,0x00000000f0c80000)
  from space 35328K, 8% used [0x00000000f0c80000,0x00000000f0f58000,0x00000000f2f00000)
  to   space 31232K, 0% used [0x00000000f2f00000,0x00000000f2f00000,0x00000000f4d80000)
 ParOldGen       total 226816K, used 179037K [0x00000000a0000000, 0x00000000add80000, 0x00000000e0000000)
  object space 226816K, 78% used [0x00000000a0000000,0x00000000aaed76b0,0x00000000add80000)
 Metaspace       used 112901K, capacity 121268K, committed 121408K, reserved 1155072K
  class space    used 14016K, capacity 15387K, committed 15464K, reserved 1048576K
}
Event: 23525.096 GC heap before
{Heap before GC invocations=198 (full 10):
 PSYoungGen      total 310272K, used 277856K [0x00000000e0000000, 0x00000000f5880000, 0x0000000100000000)
  eden space 274944K, 100% used [0x00000000e0000000,0x00000000f0c80000,0x00000000f0c80000)
  from space 35328K, 8% used [0x00000000f0c80000,0x00000000f0f58000,0x00000000f2f00000)
  to   space 31232K, 0% used [0x00000000f2f00000,0x00000000f2f00000,0x00000000f4d80000)
 ParOldGen       total 226816K, used 179037K [0x00000000a0000000, 0x00000000add80000, 0x00000000e0000000)
  object space 226816K, 78% used [0x00000000a0000000,0x00000000aaed76b0,0x00000000add80000)
 Metaspace       used 112911K, capacity 121268K, committed 121408K, reserved 1155072K
  class space    used 14016K, capacity 15387K, committed 15464K, reserved 1048576K
Event: 23525.128 GC heap after
Heap after GC invocations=198 (full 10):
 PSYoungGen      total 311808K, used 5328K [0x00000000e0000000, 0x00000000f6400000, 0x0000000100000000)
  eden space 280576K, 0% used [0x00000000e0000000,0x00000000e0000000,0x00000000f1200000)
  from space 31232K, 17% used [0x00000000f2f00000,0x00000000f3434010,0x00000000f4d80000)
  to   space 29696K, 0% used [0x00000000f1200000,0x00000000f1200000,0x00000000f2f00000)
 ParOldGen       total 226816K, used 181257K [0x00000000a0000000, 0x00000000add80000, 0x00000000e0000000)
  object space 226816K, 79% used [0x00000000a0000000,0x00000000ab1026c8,0x00000000add80000)
 Metaspace       used 112911K, capacity 121268K, committed 121408K, reserved 1155072K
  class space    used 14016K, capacity 15387K, committed 15464K, reserved 1048576K
}

