# JRE version: OpenJDK Runtime Environment (8.0_212-b04) (build 1.8.0_212-release-1586-b04)
# Java VM: OpenJDK 64-Bit Server VM (25.212-b04 mixed mode windows-amd64 compressed oops)
Heap:
 PSYoungGen      total 192000K, used 61519K [0x00000000e0000000, 0x00000000edf80000, 0x0000000100000000)
  eden space 172544K, 35% used [0x00000000e0000000,0x00000000e3c13f00,0x00000000ea880000)
  from space 19456K, 0% used [0x00000000ebc00000,0x00000000ebc00000,0x00000000ecf00000)
  to   space 19968K, 0% used [0x00000000ea880000,0x00000000ea880000,0x00000000ebc00000)
 ParOldGen       total 94208K, used 31935K [0x00000000a0000000, 0x00000000a5c00000, 0x00000000e0000000)
  object space 94208K, 33% used [0x00000000a0000000,0x00000000a1f2ff98,0x00000000a5c00000)
 Metaspace       used 59959K, capacity 62000K, committed 62208K, reserved 1103872K
  class space    used 8207K, capacity 8647K, committed 8704K, reserved 1048576K
GC Heap History (10 events):
Event: 13.034 GC heap before
{Heap before GC invocations=11 (full 2):
 PSYoungGen      total 115200K, used 11756K [0x00000000e0000000, 0x00000000ea480000, 0x0000000100000000)
  eden space 103424K, 0% used [0x00000000e0000000,0x00000000e0000000,0x00000000e6500000)
  from space 11776K, 99% used [0x00000000e6500000,0x00000000e707b250,0x00000000e7080000)
  to   space 13312K, 0% used [0x00000000e9780000,0x00000000e9780000,0x00000000ea480000)
 ParOldGen       total 60928K, used 9567K [0x00000000a0000000, 0x00000000a3b80000, 0x00000000e0000000)
  object space 60928K, 15% used [0x00000000a0000000,0x00000000a0957c18,0x00000000a3b80000)
 Metaspace       used 34581K, capacity 35404K, committed 35456K, reserved 1079296K
  class space    used 4723K, capacity 4953K, committed 4992K, reserved 1048576K
Event: 13.141 GC heap after
Heap after GC invocations=11 (full 2):
 PSYoungGen      total 115200K, used 0K [0x00000000e0000000, 0x00000000ea480000, 0x0000000100000000)
  eden space 103424K, 0% used [0x00000000e0000000,0x00000000e0000000,0x00000000e6500000)
  from space 11776K, 0% used [0x00000000e6500000,0x00000000e6500000,0x00000000e7080000)
  to   space 13312K, 0% used [0x00000000e9780000,0x00000000e9780000,0x00000000ea480000)
 ParOldGen       total 94208K, used 18786K [0x00000000a0000000, 0x00000000a5c00000, 0x00000000e0000000)
  object space 94208K, 19% used [0x00000000a0000000,0x00000000a1258a00,0x00000000a5c00000)
 Metaspace       used 34581K, capacity 35404K, committed 35456K, reserved 1079296K
  class space    used 4723K, capacity 4953K, committed 4992K, reserved 1048576K
}
Event: 16.223 GC heap before
{Heap before GC invocations=12 (full 2):
 PSYoungGen      total 115200K, used 103424K [0x00000000e0000000, 0x00000000ea480000, 0x0000000100000000)
  eden space 103424K, 100% used [0x00000000e0000000,0x00000000e6500000,0x00000000e6500000)
  from space 11776K, 0% used [0x00000000e6500000,0x00000000e6500000,0x00000000e7080000)
  to   space 13312K, 0% used [0x00000000e9780000,0x00000000e9780000,0x00000000ea480000)
 ParOldGen       total 94208K, used 18786K [0x00000000a0000000, 0x00000000a5c00000, 0x00000000e0000000)
  object space 94208K, 19% used [0x00000000a0000000,0x00000000a1258a00,0x00000000a5c00000)
 Metaspace       used 44391K, capacity 45576K, committed 45824K, reserved 1089536K
  class space    used 5975K, capacity 6288K, committed 6400K, reserved 1048576K
Event: 16.262 GC heap after
Heap after GC invocations=12 (full 2):
 PSYoungGen      total 146944K, used 13206K [0x00000000e0000000, 0x00000000ea480000, 0x0000000100000000)
  eden space 133632K, 0% used [0x00000000e0000000,0x00000000e0000000,0x00000000e8280000)
  from space 13312K, 99% used [0x00000000e9780000,0x00000000ea465a10,0x00000000ea480000)
  to   space 14848K, 0% used [0x00000000e8780000,0x00000000e8780000,0x00000000e9600000)
 ParOldGen       total 94208K, used 18794K [0x00000000a0000000, 0x00000000a5c00000, 0x00000000e0000000)
  object space 94208K, 19% used [0x00000000a0000000,0x00000000a125aa00,0x00000000a5c00000)
 Metaspace       used 44391K, capacity 45576K, committed 45824K, reserved 1089536K
  class space    used 5975K, capacity 6288K, committed 6400K, reserved 1048576K
}
Event: 21.729 GC heap before
{Heap before GC invocations=13 (full 2):
 PSYoungGen      total 146944K, used 146838K [0x00000000e0000000, 0x00000000ea480000, 0x0000000100000000)
  eden space 133632K, 100% used [0x00000000e0000000,0x00000000e8280000,0x00000000e8280000)
  from space 13312K, 99% used [0x00000000e9780000,0x00000000ea465a10,0x00000000ea480000)
  to   space 14848K, 0% used [0x00000000e8780000,0x00000000e8780000,0x00000000e9600000)
 ParOldGen       total 94208K, used 18794K [0x00000000a0000000, 0x00000000a5c00000, 0x00000000e0000000)
  object space 94208K, 19% used [0x00000000a0000000,0x00000000a125aa00,0x00000000a5c00000)
 Metaspace       used 55577K, capacity 57362K, committed 57472K, reserved 1099776K
  class space    used 7552K, capacity 7956K, committed 8064K, reserved 1048576K
Event: 21.813 GC heap after
Heap after GC invocations=13 (full 2):
 PSYoungGen      total 153600K, used 14827K [0x00000000e0000000, 0x00000000ecf00000, 0x0000000100000000)
  eden space 138752K, 0% used [0x00000000e0000000,0x00000000e0000000,0x00000000e8780000)
  from space 14848K, 99% used [0x00000000e8780000,0x00000000e95fad88,0x00000000e9600000)
  to   space 19456K, 0% used [0x00000000ebc00000,0x00000000ebc00000,0x00000000ecf00000)
 ParOldGen       total 94208K, used 26258K [0x00000000a0000000, 0x00000000a5c00000, 0x00000000e0000000)
  object space 94208K, 27% used [0x00000000a0000000,0x00000000a19a4a88,0x00000000a5c00000)
 Metaspace       used 55577K, capacity 57362K, committed 57472K, reserved 1099776K
  class space    used 7552K, capacity 7956K, committed 8064K, reserved 1048576K
}
Event: 22.480 GC heap before
{Heap before GC invocations=14 (full 2):
 PSYoungGen      total 153600K, used 38367K [0x00000000e0000000, 0x00000000ecf00000, 0x0000000100000000)
  eden space 138752K, 16% used [0x00000000e0000000,0x00000000e16fd100,0x00000000e8780000)
  from space 14848K, 99% used [0x00000000e8780000,0x00000000e95fad88,0x00000000e9600000)
  to   space 19456K, 0% used [0x00000000ebc00000,0x00000000ebc00000,0x00000000ecf00000)
 ParOldGen       total 94208K, used 26258K [0x00000000a0000000, 0x00000000a5c00000, 0x00000000e0000000)
  object space 94208K, 27% used [0x00000000a0000000,0x00000000a19a4a88,0x00000000a5c00000)
 Metaspace       used 57168K, capacity 58944K, committed 59096K, reserved 1099776K
  class space    used 7811K, capacity 8193K, committed 8320K, reserved 1048576K
Event: 22.511 GC heap after
Heap after GC invocations=14 (full 2):
 PSYoungGen      total 192000K, used 2123K [0x00000000e0000000, 0x00000000edf80000, 0x0000000100000000)
  eden space 172544K, 0% used [0x00000000e0000000,0x00000000e0000000,0x00000000ea880000)
  from space 19456K, 10% used [0x00000000ebc00000,0x00000000ebe12d80,0x00000000ecf00000)
  to   space 19968K, 0% used [0x00000000ea880000,0x00000000ea880000,0x00000000ebc00000)
 ParOldGen       total 94208K, used 40107K [0x00000000a0000000, 0x00000000a5c00000, 0x00000000e0000000)
  object space 94208K, 42% used [0x00000000a0000000,0x00000000a272add0,0x00000000a5c00000)
 Metaspace       used 57168K, capacity 58944K, committed 59096K, reserved 1099776K
  class space    used 7811K, capacity 8193K, committed 8320K, reserved 1048576K
}
Event: 22.511 GC heap before
{Heap before GC invocations=15 (full 3):
 PSYoungGen      total 192000K, used 2123K [0x00000000e0000000, 0x00000000edf80000, 0x0000000100000000)
  eden space 172544K, 0% used [0x00000000e0000000,0x00000000e0000000,0x00000000ea880000)
  from space 19456K, 10% used [0x00000000ebc00000,0x00000000ebe12d80,0x00000000ecf00000)
  to   space 19968K, 0% used [0x00000000ea880000,0x00000000ea880000,0x00000000ebc00000)
 ParOldGen       total 94208K, used 40107K [0x00000000a0000000, 0x00000000a5c00000, 0x00000000e0000000)
  object space 94208K, 42% used [0x00000000a0000000,0x00000000a272add0,0x00000000a5c00000)
 Metaspace       used 57168K, capacity 58944K, committed 59096K, reserved 1099776K
  class space    used 7811K, capacity 8193K, committed 8320K, reserved 1048576K
Event: 23.189 GC heap after
Heap after GC invocations=15 (full 3):
 PSYoungGen      total 192000K, used 0K [0x00000000e0000000, 0x00000000edf80000, 0x0000000100000000)
  eden space 172544K, 0% used [0x00000000e0000000,0x00000000e0000000,0x00000000ea880000)
  from space 19456K, 0% used [0x00000000ebc00000,0x00000000ebc00000,0x00000000ecf00000)
  to   space 19968K, 0% used [0x00000000ea880000,0x00000000ea880000,0x00000000ebc00000)
 ParOldGen       total 94208K, used 31935K [0x00000000a0000000, 0x00000000a5c00000, 0x00000000e0000000)
  object space 94208K, 33% used [0x00000000a0000000,0x00000000a1f2ff98,0x00000000a5c00000)
 Metaspace       used 57168K, capacity 58944K, committed 59096K, reserved 1099776K
  class space    used 7811K, capacity 8193K, committed 8320K, reserved 1048576K
}

